<?xml version="1.0" encoding="UTF-8"?>
<!-- Generated by org.testng.reporters.JUnitReportReporter -->
<testsuite hostname="rizwans-mbp.mynet" failures="0" tests="19" name="files.ResourceTests" time="4.808" errors="0" timestamp="13 Jul 2020 11:29:13 GMT" skipped="0">
  <testcase classname="files.ResourceTests" name="test_" time="1.460"/>
  <testcase classname="files.ResourceTests" name="test_" time="0.097"/>
  <testcase classname="files.ResourceTests" name="test_" time="0.172"/>
  <testcase classname="files.ResourceTests" name="test_" time="0.142"/>
  <testcase classname="files.ResourceTests" name="test_get_singleResource_with_invalidId_returns_HTTP_404" time="0.111"/>
  <testcase classname="files.ResourceTests" name="test_" time="0.125"/>
  <testcase classname="files.ResourceTests" name="test_" time="0.077"/>
  <testcase classname="files.ResourceTests" name="test_get_singleResource_with_invalidId_returns_HTTP_404" time="0.069"/>
  <testcase classname="files.ResourceTests" name="test_" time="0.069"/>
  <testcase classname="files.ResourceTests" name="test_get_resourceList_returns_resourceList_with_HTTP_200" time="0.710"/>
  <testcase classname="files.ResourceTests" name="test_get_singleResource_withValidId_returns_HTTP_200" time="1.111"/>
  <testcase classname="files.ResourceTests" name="test_" time="0.078"/>
  <testcase classname="files.ResourceTests" name="test_" time="0.109"/>
  <testcase classname="files.ResourceTests" name="test_get_singleResource_with_invalidId_returns_HTTP_404" time="0.068"/>
  <testcase classname="files.ResourceTests" name="test_list_resource_return_HTTP_200" time="0.060"/>
  <testcase classname="files.ResourceTests" name="test_" time="0.071"/>
  <testcase classname="files.ResourceTests" name="test_get_singleResource_with_invalidId_returns_HTTP_404" time="0.101"/>
  <testcase classname="files.ResourceTests" name="test_" time="0.094"/>
  <testcase classname="files.ResourceTests" name="test_" time="0.084"/>
</testsuite> <!-- files.ResourceTests -->
