<?xml version="1.0" encoding="UTF-8"?>
<!-- Generated by org.testng.reporters.JUnitReportReporter -->
<testsuite hostname="rizwans-mbp.mynet" failures="0" tests="25" name="files.UserTests" time="4.578" errors="0" timestamp="16 Jul 2020 16:31:08 GMT" skipped="0">
  <testcase classname="files.UserTests" name="test_delete_user_returns_http_204_UStory10" time="0.120"/>
  <testcase classname="files.UserTests" name="test_get_single_user_returns_http_200_UStory1" time="0.105"/>
  <testcase classname="files.UserTests" name="testFirstNames_UStory2" time="1.178"/>
  <testcase classname="files.UserTests" name="test_get_single_user_by_invalidId_returns_http_404_UStory3" time="0.112"/>
  <testcase classname="files.UserTests" name="test_login_successful_user_returns_http_200_UStory13" time="0.125"/>
  <testcase classname="files.UserTests" name="test_register_unsuccessful_user_returns_http_400_UStory12" time="0.096"/>
  <testcase classname="files.UserTests" name="test_login_successful_user_returns_http_200_UStory13" time="0.677"/>
  <testcase classname="files.UserTests" name="testFirstNames_UStory2" time="0.092"/>
  <testcase classname="files.UserTests" name="test_get_single_user_by_invalidId_returns_http_404_UStory3" time="0.101"/>
  <testcase classname="files.UserTests" name="test_patch_update_returns_http_200_UStory9" time="0.133"/>
  <testcase classname="files.UserTests" name="testFirstNames_UStory2" time="0.093"/>
  <testcase classname="files.UserTests" name="test_get_single_user_returns_http_200_UStory1" time="0.089"/>
  <testcase classname="files.UserTests" name="test_get_single_user_by_invalidId_returns_http_404_UStory3" time="0.174"/>
  <testcase classname="files.UserTests" name="test_get_single_user_returns_http_200_UStory1" time="0.111"/>
  <testcase classname="files.UserTests" name="testFirstNames_UStory2" time="0.110"/>
  <testcase classname="files.UserTests" name="test_register_user_return_http_200_UStory11" time="0.123"/>
  <testcase classname="files.UserTests" name="testFirstNames_UStory2" time="0.079"/>
  <testcase classname="files.UserTests" name="test_get_single_user_by_invalidId_returns_http_404_UStory3" time="0.110"/>
  <testcase classname="files.UserTests" name="test_get_single_user_returns_http_200_UStory1" time="0.101"/>
  <testcase classname="files.UserTests" name="test_login_unsuccessful_user_returns_http_400_UStory14" time="0.106"/>
  <testcase classname="files.UserTests" name="testFirstNames_UStory2" time="0.112"/>
  <testcase classname="files.UserTests" name="test_create_user_returns_http_201_UStory7" time="0.184"/>
  <testcase classname="files.UserTests" name="test_put_userDetails_returns_http_200_UStory8" time="0.169"/>
  <testcase classname="files.UserTests" name="test_login_successful_user_returns_http_200_UStory13" time="0.176"/>
  <testcase classname="files.UserTests" name="test_login_unsuccessful_user_returns_http_400_UStory14" time="0.102"/>
</testsuite> <!-- files.UserTests -->
