<?xml version="1.0" encoding="UTF-8"?>
<!-- Generated by org.testng.reporters.JUnitReportReporter -->
<testsuite hostname="rizwans-mbp.mynet" failures="0" tests="22" name="files.ResourceTests" time="5.809" errors="0" timestamp="28 Jul 2020 14:39:19 GMT" skipped="0">
  <testcase classname="files.ResourceTests" name="test_get_singleResource_withValidId_returns_HTTP_200" time="2.123"/>
  <testcase classname="files.ResourceTests" name="test_list_resource_return_HTTP_200" time="0.452"/>
  <testcase classname="files.ResourceTests" name="test_list_resource_return_HTTP_200" time="1.146"/>
  <testcase classname="files.ResourceTests" name="test_list_resource_return_HTTP_200" time="0.295"/>
  <testcase classname="files.ResourceTests" name="test_get_singleResource_with_invalidId_returns_HTTP_404" time="0.074"/>
  <testcase classname="files.ResourceTests" name="test_get_singleResource_withValidId_returns_HTTP_200" time="0.090"/>
  <testcase classname="files.ResourceTests" name="test_get_singleResource_withValidId_returns_HTTP_200" time="0.079"/>
  <testcase classname="files.ResourceTests" name="test_get_singleResource_withValidId_returns_HTTP_200" time="0.086"/>
  <testcase classname="files.ResourceTests" name="test_get_singleResource_withValidId_returns_HTTP_200" time="0.066"/>
  <testcase classname="files.ResourceTests" name="test_get_singleResource_withValidId_returns_HTTP_200" time="0.078"/>
  <testcase classname="files.ResourceTests" name="test_get_singleResource_with_invalidId_returns_HTTP_404" time="0.121"/>
  <testcase classname="files.ResourceTests" name="test_get_singleResource_withValidId_returns_HTTP_200" time="0.075"/>
  <testcase classname="files.ResourceTests" name="test_list_resource_return_HTTP_200" time="0.169"/>
  <testcase classname="files.ResourceTests" name="test_get_singleResource_with_invalidId_returns_HTTP_404" time="0.100"/>
  <testcase classname="files.ResourceTests" name="test_get_singleResource_with_invalidId_returns_HTTP_404" time="0.075"/>
  <testcase classname="files.ResourceTests" name="test_get_singleResource_withValidId_returns_HTTP_200" time="0.091"/>
  <testcase classname="files.ResourceTests" name="test_list_resource_return_HTTP_200" time="0.212"/>
  <testcase classname="files.ResourceTests" name="test_get_singleResource_withValidId_returns_HTTP_200" time="0.078"/>
  <testcase classname="files.ResourceTests" name="test_get_singleResource_withValidId_returns_HTTP_200" time="0.081"/>
  <testcase classname="files.ResourceTests" name="test_get_singleResource_withValidId_returns_HTTP_200" time="0.080"/>
  <testcase classname="files.ResourceTests" name="test_get_singleResource_withValidId_returns_HTTP_200" time="0.071"/>
  <testcase classname="files.ResourceTests" name="test_list_resource_return_HTTP_200" time="0.167"/>
</testsuite> <!-- files.ResourceTests -->
