<?xml version="1.0" encoding="UTF-8"?>
<!-- Generated by org.testng.reporters.JUnitReportReporter -->
<testsuite hostname="rizwans-mbp.mynet" failures="0" tests="7" name="files.DelayedResponseTests" time="4.573" errors="0" timestamp="26 Jul 2020 08:18:21 GMT" skipped="0">
  <testcase classname="files.DelayedResponseTests" name="test_get_delayed_response_returns_HTTP_200_UStory15" time="0.074"/>
  <testcase classname="files.DelayedResponseTests" name="test_get_delayed_response_returns_HTTP_200_UStory15" time="0.093"/>
  <testcase classname="files.DelayedResponseTests" name="test_get_delayed_response_returns_HTTP_200_UStory15" time="0.379"/>
  <testcase classname="files.DelayedResponseTests" name="test_get_delayed_response_returns_HTTP_200_UStory15" time="0.106"/>
  <testcase classname="files.DelayedResponseTests" name="test_Response_Time_returns_HTTP_200_UStory15" time="3.733"/>
  <testcase classname="files.DelayedResponseTests" name="test_get_delayed_response_returns_HTTP_200_UStory15" time="0.093"/>
  <testcase classname="files.DelayedResponseTests" name="test_get_delayed_response_returns_HTTP_200_UStory15" time="0.095"/>
</testsuite> <!-- files.DelayedResponseTests -->
