<?xml version="1.0" encoding="UTF-8"?>
<!-- Generated by org.testng.reporters.JUnitReportReporter -->
<testsuite hostname="rizwans-mbp.mynet" failures="0" tests="15" name="files.UserTests" time="4.851" errors="0" timestamp="13 Jul 2020 08:22:42 GMT" skipped="0">
  <testcase classname="files.UserTests" name="testFirstNames" time="1.796"/>
  <testcase classname="files.UserTests" name="test_login_unsuccessful_user_returns_http_400" time="0.090"/>
  <testcase classname="files.UserTests" name="test_get_single_user_returns_http_200" time="0.103"/>
  <testcase classname="files.UserTests" name="test_put_userDetails_returns_http_200" time="0.165"/>
  <testcase classname="files.UserTests" name="test_create_user_returns_http_201" time="1.202"/>
  <testcase classname="files.UserTests" name="test_login_successful_user_returns_http_200" time="0.093"/>
  <testcase classname="files.UserTests" name="test_login_successful_user_returns_http_200" time="0.104"/>
  <testcase classname="files.UserTests" name="test_patch_update_returns_http_200" time="0.184"/>
  <testcase classname="files.UserTests" name="test_get_single_user_by_id" time="0.134"/>
  <testcase classname="files.UserTests" name="test_get_usersList_with_details_by_name" time="0.067"/>
  <testcase classname="files.UserTests" name="test_login_successful_user_returns_http_200" time="0.086"/>
  <testcase classname="files.UserTests" name="test_register_unsuccessful_user_returns_http_400" time="0.106"/>
  <testcase classname="files.UserTests" name="test_register_user_return_http_200" time="0.153"/>
  <testcase classname="files.UserTests" name="test_delete_user_returns_http_204" time="0.137"/>
  <testcase classname="files.UserTests" name="test_get_single_user_by_ID_returns_http_404" time="0.431"/>
</testsuite> <!-- files.UserTests -->
