<?xml version="1.0" encoding="UTF-8"?>
<!-- Generated by org.testng.reporters.JUnitReportReporter -->
<testsuite hostname="rizwans-mbp.mynet" failures="0" tests="25" name="files.UserTests" time="8.842" errors="0" timestamp="28 Jul 2020 12:41:44 GMT" skipped="0">
  <testcase classname="files.UserTests" name="test_get_single_user_returns_http_200" time="0.081"/>
  <testcase classname="files.UserTests" name="test_put_userDetails_returns_http_200" time="0.174"/>
  <testcase classname="files.UserTests" name="test_login_successful_user_returns_http_200" time="1.474"/>
  <testcase classname="files.UserTests" name="testFirstNames" time="0.145"/>
  <testcase classname="files.UserTests" name="testFirstNames" time="0.150"/>
  <testcase classname="files.UserTests" name="test_patch_update_returns_http_200" time="0.212"/>
  <testcase classname="files.UserTests" name="test_login_successful_user_returns_http_200" time="0.144"/>
  <testcase classname="files.UserTests" name="test_get_single_user_returns_http_200" time="0.092"/>
  <testcase classname="files.UserTests" name="test_get_single_user_by_invalidId_returns_http_404" time="0.139"/>
  <testcase classname="files.UserTests" name="testFirstNames" time="3.641"/>
  <testcase classname="files.UserTests" name="test_get_single_user_by_invalidId_returns_http_404" time="0.325"/>
  <testcase classname="files.UserTests" name="test_get_single_user_by_invalidId_returns_http_404" time="0.140"/>
  <testcase classname="files.UserTests" name="test_login_unsuccessful_user_returns_http_400" time="0.195"/>
  <testcase classname="files.UserTests" name="test_register_user_return_http_200" time="0.206"/>
  <testcase classname="files.UserTests" name="testFirstNames" time="0.118"/>
  <testcase classname="files.UserTests" name="test_get_single_user_returns_http_200" time="0.283"/>
  <testcase classname="files.UserTests" name="test_login_unsuccessful_user_returns_http_400" time="0.137"/>
  <testcase classname="files.UserTests" name="test_get_single_user_by_invalidId_returns_http_404" time="0.123"/>
  <testcase classname="files.UserTests" name="test_get_single_user_returns_http_200" time="0.108"/>
  <testcase classname="files.UserTests" name="test_create_user_returns_http_201" time="0.201"/>
  <testcase classname="files.UserTests" name="test_register_unsuccessful_user_returns_http_400" time="0.137"/>
  <testcase classname="files.UserTests" name="test_delete_user_returns_http_204" time="0.200"/>
  <testcase classname="files.UserTests" name="testFirstNames" time="0.129"/>
  <testcase classname="files.UserTests" name="test_login_successful_user_returns_http_200" time="0.163"/>
  <testcase classname="files.UserTests" name="testFirstNames" time="0.125"/>
</testsuite> <!-- files.UserTests -->
