<?xml version="1.0" encoding="UTF-8"?>
<!-- Generated by org.testng.reporters.JUnitReportReporter -->
<testsuite hostname="rizwans-mbp.mynet" failures="0" tests="22" name="files.ResourceTests" time="4.424" errors="0" timestamp="26 Jul 2020 08:17:54 GMT" skipped="0">
  <testcase classname="files.ResourceTests" name="test_get_singleResource_withValidId_returns_HTTP_200_UStory5" time="0.118"/>
  <testcase classname="files.ResourceTests" name="test_get_singleResource_with_invalidId_returns_HTTP_404_UStory6" time="0.113"/>
  <testcase classname="files.ResourceTests" name="test_get_singleResource_with_invalidId_returns_HTTP_404_UStory6" time="0.102"/>
  <testcase classname="files.ResourceTests" name="test_list_resource_return_HTTP_200_UStory4" time="0.051"/>
  <testcase classname="files.ResourceTests" name="test_get_singleResource_withValidId_returns_HTTP_200_UStory5" time="0.187"/>
  <testcase classname="files.ResourceTests" name="test_get_singleResource_with_invalidId_returns_HTTP_404_UStory6" time="0.073"/>
  <testcase classname="files.ResourceTests" name="test_get_singleResource_withValidId_returns_HTTP_200_UStory5" time="0.102"/>
  <testcase classname="files.ResourceTests" name="test_get_singleResource_withValidId_returns_HTTP_200_UStory5" time="0.139"/>
  <testcase classname="files.ResourceTests" name="test_list_resource_return_HTTP_200_UStory4" time="0.060"/>
  <testcase classname="files.ResourceTests" name="test_get_singleResource_withValidId_returns_HTTP_200_UStory5" time="0.111"/>
  <testcase classname="files.ResourceTests" name="test_list_resource_return_HTTP_200_UStory4" time="0.364"/>
  <testcase classname="files.ResourceTests" name="test_list_resource_return_HTTP_200_UStory4" time="0.053"/>
  <testcase classname="files.ResourceTests" name="test_get_singleResource_withValidId_returns_HTTP_200_UStory5" time="0.111"/>
  <testcase classname="files.ResourceTests" name="test_get_singleResource_withValidId_returns_HTTP_200_UStory5" time="0.120"/>
  <testcase classname="files.ResourceTests" name="test_get_singleResource_with_invalidId_returns_HTTP_404_UStory6" time="0.111"/>
  <testcase classname="files.ResourceTests" name="test_get_singleResource_withValidId_returns_HTTP_200_UStory5" time="1.477"/>
  <testcase classname="files.ResourceTests" name="test_list_resource_return_HTTP_200_UStory4" time="0.076"/>
  <testcase classname="files.ResourceTests" name="test_get_singleResource_withValidId_returns_HTTP_200_UStory5" time="0.119"/>
  <testcase classname="files.ResourceTests" name="test_get_singleResource_withValidId_returns_HTTP_200_UStory5" time="0.106"/>
  <testcase classname="files.ResourceTests" name="test_get_singleResource_withValidId_returns_HTTP_200_UStory5" time="0.092"/>
  <testcase classname="files.ResourceTests" name="test_get_singleResource_withValidId_returns_HTTP_200_UStory5" time="0.689"/>
  <testcase classname="files.ResourceTests" name="test_list_resource_return_HTTP_200_UStory4" time="0.050"/>
</testsuite> <!-- files.ResourceTests -->
