<?xml version="1.0" encoding="UTF-8"?>
<!-- Generated by org.testng.reporters.JUnitReportReporter -->
<testsuite hostname="rizwans-mbp.mynet" failures="0" tests="25" name="files.UserTests" time="5.144" errors="0" timestamp="26 Jul 2020 08:16:41 GMT" skipped="0">
  <testcase classname="files.UserTests" name="test_get_single_user_returns_http_200_UStory1" time="0.087"/>
  <testcase classname="files.UserTests" name="test_get_single_user_by_invalidId_returns_http_404_UStory3" time="0.151"/>
  <testcase classname="files.UserTests" name="test_get_single_user_returns_http_200_UStory1" time="0.089"/>
  <testcase classname="files.UserTests" name="test_create_user_returns_http_201_UStory7" time="0.177"/>
  <testcase classname="files.UserTests" name="test_get_single_user_by_invalidId_returns_http_404_UStory3" time="0.081"/>
  <testcase classname="files.UserTests" name="test_login_unsuccessful_user_returns_http_400_UStory14" time="0.117"/>
  <testcase classname="files.UserTests" name="test_register_unsuccessful_user_returns_http_400_UStory12" time="0.079"/>
  <testcase classname="files.UserTests" name="testFirstNames_UStory2" time="1.954"/>
  <testcase classname="files.UserTests" name="test_login_successful_user_returns_http_200_UStory13" time="0.108"/>
  <testcase classname="files.UserTests" name="test_register_user_return_http_200_UStory11" time="0.100"/>
  <testcase classname="files.UserTests" name="testFirstNames_UStory2" time="0.063"/>
  <testcase classname="files.UserTests" name="test_get_single_user_by_invalidId_returns_http_404_UStory3" time="0.149"/>
  <testcase classname="files.UserTests" name="test_get_single_user_by_invalidId_returns_http_404_UStory3" time="0.089"/>
  <testcase classname="files.UserTests" name="test_login_successful_user_returns_http_200_UStory13" time="0.149"/>
  <testcase classname="files.UserTests" name="testFirstNames_UStory2" time="0.105"/>
  <testcase classname="files.UserTests" name="test_get_single_user_returns_http_200_UStory1" time="0.100"/>
  <testcase classname="files.UserTests" name="test_login_unsuccessful_user_returns_http_400_UStory14" time="0.151"/>
  <testcase classname="files.UserTests" name="test_put_userDetails_returns_http_200_UStory8" time="0.151"/>
  <testcase classname="files.UserTests" name="test_login_successful_user_returns_http_200_UStory13" time="0.598"/>
  <testcase classname="files.UserTests" name="testFirstNames_UStory2" time="0.059"/>
  <testcase classname="files.UserTests" name="test_patch_update_returns_http_200_UStory9" time="0.213"/>
  <testcase classname="files.UserTests" name="testFirstNames_UStory2" time="0.072"/>
  <testcase classname="files.UserTests" name="test_get_single_user_returns_http_200_UStory1" time="0.090"/>
  <testcase classname="files.UserTests" name="testFirstNames_UStory2" time="0.104"/>
  <testcase classname="files.UserTests" name="test_delete_user_returns_http_204_UStory10" time="0.108"/>
</testsuite> <!-- files.UserTests -->
