<?xml version="1.0" encoding="UTF-8"?>
<!-- Generated by org.testng.reporters.JUnitReportReporter -->
<testsuite hostname="rizwans-mbp.mynet" failures="0" tests="22" name="files.ResourceTests" time="4.525" errors="0" timestamp="22 Jul 2020 11:01:10 GMT" skipped="0">
  <testcase classname="files.ResourceTests" name="test_list_resource_return_HTTP_200_UStory4" time="0.065"/>
  <testcase classname="files.ResourceTests" name="test_list_resource_return_HTTP_200_UStory4" time="0.067"/>
  <testcase classname="files.ResourceTests" name="test_get_singleResource_withValidId_returns_HTTP_200_UStory5" time="0.122"/>
  <testcase classname="files.ResourceTests" name="test_get_singleResource_withValidId_returns_HTTP_200_UStory5" time="0.143"/>
  <testcase classname="files.ResourceTests" name="test_get_singleResource_with_invalidId_returns_HTTP_404_UStory6" time="0.100"/>
  <testcase classname="files.ResourceTests" name="test_get_singleResource_withValidId_returns_HTTP_200_UStory5" time="0.152"/>
  <testcase classname="files.ResourceTests" name="test_get_singleResource_with_invalidId_returns_HTTP_404_UStory6" time="0.070"/>
  <testcase classname="files.ResourceTests" name="test_get_singleResource_withValidId_returns_HTTP_200_UStory5" time="0.116"/>
  <testcase classname="files.ResourceTests" name="test_get_singleResource_withValidId_returns_HTTP_200_UStory5" time="0.197"/>
  <testcase classname="files.ResourceTests" name="test_get_singleResource_withValidId_returns_HTTP_200_UStory5" time="0.100"/>
  <testcase classname="files.ResourceTests" name="test_get_singleResource_with_invalidId_returns_HTTP_404_UStory6" time="0.086"/>
  <testcase classname="files.ResourceTests" name="test_get_singleResource_withValidId_returns_HTTP_200_UStory5" time="0.130"/>
  <testcase classname="files.ResourceTests" name="test_get_singleResource_withValidId_returns_HTTP_200_UStory5" time="0.116"/>
  <testcase classname="files.ResourceTests" name="test_get_singleResource_withValidId_returns_HTTP_200_UStory5" time="0.103"/>
  <testcase classname="files.ResourceTests" name="test_get_singleResource_withValidId_returns_HTTP_200_UStory5" time="0.138"/>
  <testcase classname="files.ResourceTests" name="test_list_resource_return_HTTP_200_UStory4" time="0.062"/>
  <testcase classname="files.ResourceTests" name="test_list_resource_return_HTTP_200_UStory4" time="0.056"/>
  <testcase classname="files.ResourceTests" name="test_get_singleResource_withValidId_returns_HTTP_200_UStory5" time="1.893"/>
  <testcase classname="files.ResourceTests" name="test_get_singleResource_with_invalidId_returns_HTTP_404_UStory6" time="0.131"/>
  <testcase classname="files.ResourceTests" name="test_list_resource_return_HTTP_200_UStory4" time="0.070"/>
  <testcase classname="files.ResourceTests" name="test_list_resource_return_HTTP_200_UStory4" time="0.491"/>
  <testcase classname="files.ResourceTests" name="test_get_singleResource_withValidId_returns_HTTP_200_UStory5" time="0.117"/>
</testsuite> <!-- files.ResourceTests -->
