<?xml version="1.0" encoding="UTF-8"?>
<!-- Generated by org.testng.reporters.JUnitReportReporter -->
<testsuite hostname="rizwans-mbp.mynet" failures="0" tests="25" name="files.UserTests" time="5.991" errors="0" timestamp="28 Jul 2020 08:05:23 GMT" skipped="0">
  <testcase classname="files.UserTests" name="test_delete_user_returns_http_204_UStory10" time="0.383"/>
  <testcase classname="files.UserTests" name="testFirstNames_UStory2" time="0.071"/>
  <testcase classname="files.UserTests" name="testFirstNames_UStory2" time="0.064"/>
  <testcase classname="files.UserTests" name="test_patch_update_returns_http_200_UStory9" time="0.122"/>
  <testcase classname="files.UserTests" name="test_create_user_returns_http_201_UStory7" time="0.447"/>
  <testcase classname="files.UserTests" name="testFirstNames_UStory2" time="1.278"/>
  <testcase classname="files.UserTests" name="test_get_single_user_returns_http_200_UStory1" time="0.161"/>
  <testcase classname="files.UserTests" name="test_get_single_user_by_invalidId_returns_http_404_UStory3" time="0.292"/>
  <testcase classname="files.UserTests" name="test_login_unsuccessful_user_returns_http_400_UStory14" time="0.096"/>
  <testcase classname="files.UserTests" name="test_login_successful_user_returns_http_200_UStory13" time="0.207"/>
  <testcase classname="files.UserTests" name="test_get_single_user_returns_http_200_UStory1" time="0.186"/>
  <testcase classname="files.UserTests" name="test_get_single_user_by_invalidId_returns_http_404_UStory3" time="0.202"/>
  <testcase classname="files.UserTests" name="test_login_successful_user_returns_http_200_UStory13" time="0.860"/>
  <testcase classname="files.UserTests" name="test_register_user_return_http_200_UStory11" time="0.103"/>
  <testcase classname="files.UserTests" name="testFirstNames_UStory2" time="0.056"/>
  <testcase classname="files.UserTests" name="test_get_single_user_by_invalidId_returns_http_404_UStory3" time="0.289"/>
  <testcase classname="files.UserTests" name="test_get_single_user_returns_http_200_UStory1" time="0.159"/>
  <testcase classname="files.UserTests" name="test_put_userDetails_returns_http_200_UStory8" time="0.109"/>
  <testcase classname="files.UserTests" name="test_get_single_user_by_invalidId_returns_http_404_UStory3" time="0.172"/>
  <testcase classname="files.UserTests" name="test_register_unsuccessful_user_returns_http_400_UStory12" time="0.089"/>
  <testcase classname="files.UserTests" name="test_login_successful_user_returns_http_200_UStory13" time="0.244"/>
  <testcase classname="files.UserTests" name="testFirstNames_UStory2" time="0.071"/>
  <testcase classname="files.UserTests" name="test_login_unsuccessful_user_returns_http_400_UStory14" time="0.095"/>
  <testcase classname="files.UserTests" name="test_get_single_user_returns_http_200_UStory1" time="0.166"/>
  <testcase classname="files.UserTests" name="testFirstNames_UStory2" time="0.069"/>
</testsuite> <!-- files.UserTests -->
