<?xml version="1.0" encoding="UTF-8"?>
<!-- Generated by org.testng.reporters.JUnitReportReporter -->
<testsuite hostname="rizwans-mbp.mynet" failures="0" tests="25" name="files.UserTests" time="4.280" errors="0" timestamp="19 Jul 2020 08:10:48 GMT" skipped="0">
  <testcase classname="files.UserTests" name="test_login_successful_user_returns_http_200_UStory13" time="0.086"/>
  <testcase classname="files.UserTests" name="test_delete_user_returns_http_204_UStory10" time="0.120"/>
  <testcase classname="files.UserTests" name="test_get_single_user_returns_http_200_UStory1" time="0.059"/>
  <testcase classname="files.UserTests" name="testFirstNames_UStory2" time="1.387"/>
  <testcase classname="files.UserTests" name="test_get_single_user_by_invalidId_returns_http_404_UStory3" time="0.074"/>
  <testcase classname="files.UserTests" name="test_login_successful_user_returns_http_200_UStory13" time="0.747"/>
  <testcase classname="files.UserTests" name="testFirstNames_UStory2" time="0.080"/>
  <testcase classname="files.UserTests" name="test_patch_update_returns_http_200_UStory9" time="0.119"/>
  <testcase classname="files.UserTests" name="test_login_unsuccessful_user_returns_http_400_UStory14" time="0.097"/>
  <testcase classname="files.UserTests" name="test_get_single_user_by_invalidId_returns_http_404_UStory3" time="0.055"/>
  <testcase classname="files.UserTests" name="test_register_user_return_http_200_UStory11" time="0.101"/>
  <testcase classname="files.UserTests" name="testFirstNames_UStory2" time="0.097"/>
  <testcase classname="files.UserTests" name="test_get_single_user_returns_http_200_UStory1" time="0.060"/>
  <testcase classname="files.UserTests" name="test_get_single_user_by_invalidId_returns_http_404_UStory3" time="0.142"/>
  <testcase classname="files.UserTests" name="test_get_single_user_returns_http_200_UStory1" time="0.079"/>
  <testcase classname="files.UserTests" name="testFirstNames_UStory2" time="0.082"/>
  <testcase classname="files.UserTests" name="testFirstNames_UStory2" time="0.080"/>
  <testcase classname="files.UserTests" name="test_get_single_user_by_invalidId_returns_http_404_UStory3" time="0.073"/>
  <testcase classname="files.UserTests" name="test_get_single_user_returns_http_200_UStory1" time="0.081"/>
  <testcase classname="files.UserTests" name="testFirstNames_UStory2" time="0.072"/>
  <testcase classname="files.UserTests" name="test_login_unsuccessful_user_returns_http_400_UStory14" time="0.113"/>
  <testcase classname="files.UserTests" name="test_create_user_returns_http_201_UStory7" time="0.178"/>
  <testcase classname="files.UserTests" name="test_login_successful_user_returns_http_200_UStory13" time="0.099"/>
  <testcase classname="files.UserTests" name="test_put_userDetails_returns_http_200_UStory8" time="0.125"/>
  <testcase classname="files.UserTests" name="test_register_unsuccessful_user_returns_http_400_UStory12" time="0.074"/>
</testsuite> <!-- files.UserTests -->
