<?xml version="1.0" encoding="UTF-8"?>
<!-- Generated by org.testng.reporters.JUnitReportReporter -->
<testsuite hostname="rizwans-mbp.mynet" failures="0" tests="1" name="files.UserTests" time="4.556" errors="0" timestamp="10 Jul 2020 12:11:44 GMT" skipped="0">
  <testcase classname="files.UserTests" name="test_delayed_response_returns_http_200" time="4.556"/>
</testsuite> <!-- files.UserTests -->
