<?xml version="1.0" encoding="UTF-8"?>
<!-- Generated by org.testng.reporters.JUnitReportReporter -->
<testsuite hostname="rizwans-mbp.mynet" failures="0" tests="22" name="files.ResourceTests" time="4.126" errors="0" timestamp="28 Jul 2020 13:15:35 GMT" skipped="0">
  <testcase classname="files.ResourceTests" name="test_get_singleResource_withValidId_returns_HTTP_200" time="1.629"/>
  <testcase classname="files.ResourceTests" name="test_list_resource_return_HTTP_200" time="0.070"/>
  <testcase classname="files.ResourceTests" name="test_list_resource_return_HTTP_200" time="0.081"/>
  <testcase classname="files.ResourceTests" name="test_get_singleResource_with_invalidId_returns_HTTP_404" time="0.060"/>
  <testcase classname="files.ResourceTests" name="test_list_resource_return_HTTP_200" time="0.535"/>
  <testcase classname="files.ResourceTests" name="test_get_singleResource_withValidId_returns_HTTP_200" time="0.135"/>
  <testcase classname="files.ResourceTests" name="test_get_singleResource_withValidId_returns_HTTP_200" time="0.122"/>
  <testcase classname="files.ResourceTests" name="test_get_singleResource_withValidId_returns_HTTP_200" time="0.100"/>
  <testcase classname="files.ResourceTests" name="test_get_singleResource_withValidId_returns_HTTP_200" time="0.103"/>
  <testcase classname="files.ResourceTests" name="test_list_resource_return_HTTP_200" time="0.079"/>
  <testcase classname="files.ResourceTests" name="test_get_singleResource_withValidId_returns_HTTP_200" time="0.107"/>
  <testcase classname="files.ResourceTests" name="test_get_singleResource_with_invalidId_returns_HTTP_404" time="0.109"/>
  <testcase classname="files.ResourceTests" name="test_get_singleResource_withValidId_returns_HTTP_200" time="0.113"/>
  <testcase classname="files.ResourceTests" name="test_list_resource_return_HTTP_200" time="0.062"/>
  <testcase classname="files.ResourceTests" name="test_get_singleResource_with_invalidId_returns_HTTP_404" time="0.074"/>
  <testcase classname="files.ResourceTests" name="test_get_singleResource_with_invalidId_returns_HTTP_404" time="0.086"/>
  <testcase classname="files.ResourceTests" name="test_get_singleResource_withValidId_returns_HTTP_200" time="0.148"/>
  <testcase classname="files.ResourceTests" name="test_get_singleResource_withValidId_returns_HTTP_200" time="0.099"/>
  <testcase classname="files.ResourceTests" name="test_get_singleResource_withValidId_returns_HTTP_200" time="0.107"/>
  <testcase classname="files.ResourceTests" name="test_get_singleResource_withValidId_returns_HTTP_200" time="0.125"/>
  <testcase classname="files.ResourceTests" name="test_get_singleResource_withValidId_returns_HTTP_200" time="0.119"/>
  <testcase classname="files.ResourceTests" name="test_list_resource_return_HTTP_200" time="0.063"/>
</testsuite> <!-- files.ResourceTests -->
