<?xml version="1.0" encoding="UTF-8"?>
<!-- Generated by org.testng.reporters.JUnitReportReporter -->
<testsuite hostname="rizwans-mbp.mynet" failures="0" tests="22" name="files.ResourceTests" time="4.069" errors="0" timestamp="28 Jul 2020 16:41:21 GMT" skipped="0">
  <testcase classname="files.ResourceTests" name="test_get_singleResource_withValidId_returns_HTTP_200" time="1.646"/>
  <testcase classname="files.ResourceTests" name="test_list_resource_return_HTTP_200" time="0.428"/>
  <testcase classname="files.ResourceTests" name="test_list_resource_return_HTTP_200" time="0.051"/>
  <testcase classname="files.ResourceTests" name="test_list_resource_return_HTTP_200" time="0.054"/>
  <testcase classname="files.ResourceTests" name="test_get_singleResource_with_invalidId_returns_HTTP_404" time="0.064"/>
  <testcase classname="files.ResourceTests" name="test_get_singleResource_withValidId_returns_HTTP_200" time="0.189"/>
  <testcase classname="files.ResourceTests" name="test_get_singleResource_withValidId_returns_HTTP_200" time="0.145"/>
  <testcase classname="files.ResourceTests" name="test_get_singleResource_withValidId_returns_HTTP_200" time="0.118"/>
  <testcase classname="files.ResourceTests" name="test_get_singleResource_withValidId_returns_HTTP_200" time="0.106"/>
  <testcase classname="files.ResourceTests" name="test_get_singleResource_withValidId_returns_HTTP_200" time="0.118"/>
  <testcase classname="files.ResourceTests" name="test_get_singleResource_with_invalidId_returns_HTTP_404" time="0.109"/>
  <testcase classname="files.ResourceTests" name="test_get_singleResource_withValidId_returns_HTTP_200" time="0.114"/>
  <testcase classname="files.ResourceTests" name="test_list_resource_return_HTTP_200" time="0.052"/>
  <testcase classname="files.ResourceTests" name="test_get_singleResource_with_invalidId_returns_HTTP_404" time="0.089"/>
  <testcase classname="files.ResourceTests" name="test_get_singleResource_with_invalidId_returns_HTTP_404" time="0.080"/>
  <testcase classname="files.ResourceTests" name="test_get_singleResource_withValidId_returns_HTTP_200" time="0.129"/>
  <testcase classname="files.ResourceTests" name="test_list_resource_return_HTTP_200" time="0.053"/>
  <testcase classname="files.ResourceTests" name="test_get_singleResource_withValidId_returns_HTTP_200" time="0.123"/>
  <testcase classname="files.ResourceTests" name="test_get_singleResource_withValidId_returns_HTTP_200" time="0.106"/>
  <testcase classname="files.ResourceTests" name="test_get_singleResource_withValidId_returns_HTTP_200" time="0.111"/>
  <testcase classname="files.ResourceTests" name="test_get_singleResource_withValidId_returns_HTTP_200" time="0.110"/>
  <testcase classname="files.ResourceTests" name="test_list_resource_return_HTTP_200" time="0.074"/>
</testsuite> <!-- files.ResourceTests -->
