<?xml version="1.0" encoding="UTF-8"?>
<!-- Generated by org.testng.reporters.JUnitReportReporter -->
<testsuite hostname="rizwans-mbp.mynet" failures="0" tests="7" name="files.DelayedResponseTests" time="5.812" errors="0" timestamp="22 Jul 2020 12:03:17 GMT" skipped="0">
  <testcase classname="files.DelayedResponseTests" name="test_get_delayed_response_returns_HTTP_200_UStory15" time="0.128"/>
  <testcase classname="files.DelayedResponseTests" name="test_get_delayed_response_returns_HTTP_200_UStory15" time="0.160"/>
  <testcase classname="files.DelayedResponseTests" name="test_get_delayed_response_returns_HTTP_200_UStory15" time="0.180"/>
  <testcase classname="files.DelayedResponseTests" name="test_get_delayed_response_returns_HTTP_200_UStory15" time="0.570"/>
  <testcase classname="files.DelayedResponseTests" name="test_get_delayed_response_returns_HTTP_200_UStory15" time="0.104"/>
  <testcase classname="files.DelayedResponseTests" name="test_Response_Time_returns_HTTP_200_UStory15" time="4.395"/>
  <testcase classname="files.DelayedResponseTests" name="test_get_delayed_response_returns_HTTP_200_UStory15" time="0.275"/>
</testsuite> <!-- files.DelayedResponseTests -->
