<?xml version="1.0" encoding="UTF-8"?>
<!-- Generated by org.testng.reporters.JUnitReportReporter -->
<testsuite hostname="rizwans-mbp.mynet" failures="0" tests="7" name="files.DelayedResponseTests" time="4.890" errors="0" timestamp="20 Jul 2020 11:46:02 GMT" skipped="0">
  <testcase classname="files.DelayedResponseTests" name="test_get_delayed_response_returns_HTTP_200_UStory15" time="0.141"/>
  <testcase classname="files.DelayedResponseTests" name="test_get_delayed_response_returns_HTTP_200_UStory15" time="0.451"/>
  <testcase classname="files.DelayedResponseTests" name="test_get_delayed_response_returns_HTTP_200_UStory15" time="0.104"/>
  <testcase classname="files.DelayedResponseTests" name="test_get_delayed_response_returns_HTTP_200_UStory15" time="0.108"/>
  <testcase classname="files.DelayedResponseTests" name="test_get_delayed_response_returns_HTTP_200_UStory15" time="0.109"/>
  <testcase classname="files.DelayedResponseTests" name="test_Response_Time_returns_HTTP_200_UStory15" time="3.874"/>
  <testcase classname="files.DelayedResponseTests" name="test_get_delayed_response_returns_HTTP_200_UStory15" time="0.103"/>
</testsuite> <!-- files.DelayedResponseTests -->
