<?xml version="1.0" encoding="UTF-8"?>
<!-- Generated by org.testng.reporters.JUnitReportReporter -->
<testsuite hostname="rizwans-mbp.mynet" failures="0" tests="7" name="files.DelayedResponseTests" time="5.216" errors="0" timestamp="19 Jul 2020 08:10:34 GMT" skipped="0">
  <testcase classname="files.DelayedResponseTests" name="test_get_delayed_response_returns_HTTP_200_UStory15" time="0.096"/>
  <testcase classname="files.DelayedResponseTests" name="test_get_delayed_response_returns_HTTP_200_UStory15" time="0.106"/>
  <testcase classname="files.DelayedResponseTests" name="test_get_delayed_response_returns_HTTP_200_UStory15" time="0.478"/>
  <testcase classname="files.DelayedResponseTests" name="test_get_delayed_response_returns_HTTP_200_UStory15" time="0.112"/>
  <testcase classname="files.DelayedResponseTests" name="test_Response_Time_returns_HTTP_200_UStory15" time="4.231"/>
  <testcase classname="files.DelayedResponseTests" name="test_get_delayed_response_returns_HTTP_200_UStory15" time="0.091"/>
  <testcase classname="files.DelayedResponseTests" name="test_get_delayed_response_returns_HTTP_200_UStory15" time="0.102"/>
</testsuite> <!-- files.DelayedResponseTests -->
