<?xml version="1.0" encoding="UTF-8"?>
<!-- Generated by org.testng.reporters.JUnitReportReporter -->
<testsuite hostname="rizwans-mbp.mynet" failures="0" tests="22" name="files.ResourceTests" time="4.024" errors="0" timestamp="22 Jul 2020 12:03:36 GMT" skipped="0">
  <testcase classname="files.ResourceTests" name="test_list_resource_return_HTTP_200_UStory4" time="0.069"/>
  <testcase classname="files.ResourceTests" name="test_list_resource_return_HTTP_200_UStory4" time="0.075"/>
  <testcase classname="files.ResourceTests" name="test_get_singleResource_withValidId_returns_HTTP_200_UStory5" time="0.090"/>
  <testcase classname="files.ResourceTests" name="test_get_singleResource_withValidId_returns_HTTP_200_UStory5" time="0.097"/>
  <testcase classname="files.ResourceTests" name="test_get_singleResource_with_invalidId_returns_HTTP_404_UStory6" time="0.106"/>
  <testcase classname="files.ResourceTests" name="test_get_singleResource_withValidId_returns_HTTP_200_UStory5" time="0.103"/>
  <testcase classname="files.ResourceTests" name="test_get_singleResource_with_invalidId_returns_HTTP_404_UStory6" time="0.084"/>
  <testcase classname="files.ResourceTests" name="test_get_singleResource_withValidId_returns_HTTP_200_UStory5" time="0.101"/>
  <testcase classname="files.ResourceTests" name="test_get_singleResource_withValidId_returns_HTTP_200_UStory5" time="0.087"/>
  <testcase classname="files.ResourceTests" name="test_get_singleResource_withValidId_returns_HTTP_200_UStory5" time="0.072"/>
  <testcase classname="files.ResourceTests" name="test_get_singleResource_with_invalidId_returns_HTTP_404_UStory6" time="0.093"/>
  <testcase classname="files.ResourceTests" name="test_get_singleResource_withValidId_returns_HTTP_200_UStory5" time="0.078"/>
  <testcase classname="files.ResourceTests" name="test_get_singleResource_withValidId_returns_HTTP_200_UStory5" time="0.076"/>
  <testcase classname="files.ResourceTests" name="test_get_singleResource_withValidId_returns_HTTP_200_UStory5" time="0.082"/>
  <testcase classname="files.ResourceTests" name="test_get_singleResource_withValidId_returns_HTTP_200_UStory5" time="0.073"/>
  <testcase classname="files.ResourceTests" name="test_list_resource_return_HTTP_200_UStory4" time="0.051"/>
  <testcase classname="files.ResourceTests" name="test_list_resource_return_HTTP_200_UStory4" time="0.073"/>
  <testcase classname="files.ResourceTests" name="test_get_singleResource_withValidId_returns_HTTP_200_UStory5" time="1.824"/>
  <testcase classname="files.ResourceTests" name="test_get_singleResource_with_invalidId_returns_HTTP_404_UStory6" time="0.100"/>
  <testcase classname="files.ResourceTests" name="test_list_resource_return_HTTP_200_UStory4" time="0.083"/>
  <testcase classname="files.ResourceTests" name="test_list_resource_return_HTTP_200_UStory4" time="0.491"/>
  <testcase classname="files.ResourceTests" name="test_get_singleResource_withValidId_returns_HTTP_200_UStory5" time="0.116"/>
</testsuite> <!-- files.ResourceTests -->
