<?xml version="1.0" encoding="UTF-8"?>
<!-- Generated by org.testng.reporters.JUnitReportReporter -->
<testsuite hostname="rizwans-mbp.mynet" failures="0" tests="25" name="files.UserTests" time="4.065" errors="0" timestamp="28 Jul 2020 08:32:17 GMT" skipped="0">
  <testcase classname="files.UserTests" name="test_get_single_user_returns_http_200" time="0.054"/>
  <testcase classname="files.UserTests" name="test_put_userDetails_returns_http_200" time="0.127"/>
  <testcase classname="files.UserTests" name="test_login_successful_user_returns_http_200" time="0.647"/>
  <testcase classname="files.UserTests" name="testFirstNames" time="0.101"/>
  <testcase classname="files.UserTests" name="testFirstNames" time="0.062"/>
  <testcase classname="files.UserTests" name="test_patch_update_returns_http_200" time="0.174"/>
  <testcase classname="files.UserTests" name="test_login_successful_user_returns_http_200" time="0.114"/>
  <testcase classname="files.UserTests" name="test_get_single_user_returns_http_200" time="0.055"/>
  <testcase classname="files.UserTests" name="test_get_single_user_by_invalidId_returns_http_404" time="0.051"/>
  <testcase classname="files.UserTests" name="testFirstNames" time="1.196"/>
  <testcase classname="files.UserTests" name="test_get_single_user_by_invalidId_returns_http_404" time="0.090"/>
  <testcase classname="files.UserTests" name="test_get_single_user_by_invalidId_returns_http_404" time="0.047"/>
  <testcase classname="files.UserTests" name="test_login_unsuccessful_user_returns_http_400" time="0.118"/>
  <testcase classname="files.UserTests" name="test_register_user_return_http_200" time="0.123"/>
  <testcase classname="files.UserTests" name="testFirstNames" time="0.106"/>
  <testcase classname="files.UserTests" name="test_get_single_user_returns_http_200" time="0.070"/>
  <testcase classname="files.UserTests" name="test_login_unsuccessful_user_returns_http_400" time="0.103"/>
  <testcase classname="files.UserTests" name="test_get_single_user_by_invalidId_returns_http_404" time="0.058"/>
  <testcase classname="files.UserTests" name="test_get_single_user_returns_http_200" time="0.062"/>
  <testcase classname="files.UserTests" name="test_create_user_returns_http_201" time="0.189"/>
  <testcase classname="files.UserTests" name="test_register_unsuccessful_user_returns_http_400" time="0.101"/>
  <testcase classname="files.UserTests" name="test_delete_user_returns_http_204" time="0.146"/>
  <testcase classname="files.UserTests" name="testFirstNames" time="0.083"/>
  <testcase classname="files.UserTests" name="test_login_successful_user_returns_http_200" time="0.118"/>
  <testcase classname="files.UserTests" name="testFirstNames" time="0.070"/>
</testsuite> <!-- files.UserTests -->
