<?xml version="1.0" encoding="UTF-8"?>
<!-- Generated by org.testng.reporters.JUnitReportReporter -->
<testsuite hostname="rizwans-mbp.mynet" failures="0" tests="22" name="files.ResourceTests" time="3.796" errors="0" timestamp="17 Jul 2020 13:58:40 GMT" skipped="0">
  <testcase classname="files.ResourceTests" name="test_list_resource_return_HTTP_200_UStory4" time="0.075"/>
  <testcase classname="files.ResourceTests" name="test_get_singleResource_with_invalidId_returns_HTTP_404_UStory6" time="0.078"/>
  <testcase classname="files.ResourceTests" name="test_get_singleResource_withValidId_returns_HTTP_200_UStory5" time="0.111"/>
  <testcase classname="files.ResourceTests" name="test_get_singleResource_with_invalidId_returns_HTTP_404_UStory6" time="0.113"/>
  <testcase classname="files.ResourceTests" name="test_list_resource_return_HTTP_200_UStory4" time="0.070"/>
  <testcase classname="files.ResourceTests" name="test_get_singleResource_withValidId_returns_HTTP_200_UStory5" time="0.107"/>
  <testcase classname="files.ResourceTests" name="test_get_singleResource_withValidId_returns_HTTP_200_UStory5" time="0.093"/>
  <testcase classname="files.ResourceTests" name="test_get_singleResource_withValidId_returns_HTTP_200_UStory5" time="0.088"/>
  <testcase classname="files.ResourceTests" name="test_list_resource_return_HTTP_200_UStory4" time="0.079"/>
  <testcase classname="files.ResourceTests" name="test_list_resource_return_HTTP_200_UStory4" time="0.070"/>
  <testcase classname="files.ResourceTests" name="test_get_singleResource_withValidId_returns_HTTP_200_UStory5" time="0.146"/>
  <testcase classname="files.ResourceTests" name="test_get_singleResource_withValidId_returns_HTTP_200_UStory5" time="0.085"/>
  <testcase classname="files.ResourceTests" name="test_list_resource_return_HTTP_200_UStory4" time="0.450"/>
  <testcase classname="files.ResourceTests" name="test_get_singleResource_withValidId_returns_HTTP_200_UStory5" time="0.082"/>
  <testcase classname="files.ResourceTests" name="test_get_singleResource_with_invalidId_returns_HTTP_404_UStory6" time="0.121"/>
  <testcase classname="files.ResourceTests" name="test_list_resource_return_HTTP_200_UStory4" time="0.064"/>
  <testcase classname="files.ResourceTests" name="test_get_singleResource_withValidId_returns_HTTP_200_UStory5" time="0.088"/>
  <testcase classname="files.ResourceTests" name="test_get_singleResource_withValidId_returns_HTTP_200_UStory5" time="0.126"/>
  <testcase classname="files.ResourceTests" name="test_get_singleResource_with_invalidId_returns_HTTP_404_UStory6" time="0.060"/>
  <testcase classname="files.ResourceTests" name="test_get_singleResource_withValidId_returns_HTTP_200_UStory5" time="0.097"/>
  <testcase classname="files.ResourceTests" name="test_get_singleResource_withValidId_returns_HTTP_200_UStory5" time="0.086"/>
  <testcase classname="files.ResourceTests" name="test_get_singleResource_withValidId_returns_HTTP_200_UStory5" time="1.507"/>
</testsuite> <!-- files.ResourceTests -->
