<?xml version="1.0" encoding="UTF-8"?>
<!-- Generated by org.testng.reporters.JUnitReportReporter -->
<testsuite hostname="rizwans-mbp.mynet" failures="0" tests="7" name="files.DelayedResponseTests" time="4.809" errors="0" timestamp="28 Jul 2020 08:37:01 GMT" skipped="0">
  <testcase classname="files.DelayedResponseTests" name="test_get_delayed_response_returns_HTTP_200" time="0.099"/>
  <testcase classname="files.DelayedResponseTests" name="test_get_delayed_response_returns_HTTP_200" time="0.111"/>
  <testcase classname="files.DelayedResponseTests" name="test_get_delayed_response_returns_HTTP_200" time="0.104"/>
  <testcase classname="files.DelayedResponseTests" name="test_Response_Time_returns_HTTP_200" time="3.860"/>
  <testcase classname="files.DelayedResponseTests" name="test_get_delayed_response_returns_HTTP_200" time="0.385"/>
  <testcase classname="files.DelayedResponseTests" name="test_get_delayed_response_returns_HTTP_200" time="0.113"/>
  <testcase classname="files.DelayedResponseTests" name="test_get_delayed_response_returns_HTTP_200" time="0.137"/>
</testsuite> <!-- files.DelayedResponseTests -->
