<?xml version="1.0" encoding="UTF-8"?>
<!-- Generated by org.testng.reporters.JUnitReportReporter -->
<testsuite hostname="rizwans-mbp.mynet" failures="0" tests="7" name="files.DelayedResponseTests" time="6.310" errors="0" timestamp="22 Jul 2020 11:36:05 GMT" skipped="0">
  <testcase classname="files.DelayedResponseTests" name="test_get_delayed_response_returns_HTTP_200_UStory15" time="0.114"/>
  <testcase classname="files.DelayedResponseTests" name="test_Response_Time_returns_HTTP_200_UStory15" time="4.851"/>
  <testcase classname="files.DelayedResponseTests" name="test_get_delayed_response_returns_HTTP_200_UStory15" time="0.706"/>
  <testcase classname="files.DelayedResponseTests" name="test_get_delayed_response_returns_HTTP_200_UStory15" time="0.112"/>
  <testcase classname="files.DelayedResponseTests" name="test_get_delayed_response_returns_HTTP_200_UStory15" time="0.115"/>
  <testcase classname="files.DelayedResponseTests" name="test_get_delayed_response_returns_HTTP_200_UStory15" time="0.316"/>
  <testcase classname="files.DelayedResponseTests" name="test_get_delayed_response_returns_HTTP_200_UStory15" time="0.096"/>
</testsuite> <!-- files.DelayedResponseTests -->
