<?xml version="1.0" encoding="UTF-8"?>
<!-- Generated by org.testng.reporters.JUnitReportReporter -->
<testsuite hostname="rizwans-mbp.mynet" failures="0" tests="22" name="files.ResourceTests" time="4.951" errors="0" timestamp="20 Jul 2020 11:45:38 GMT" skipped="0">
  <testcase classname="files.ResourceTests" name="test_list_resource_return_HTTP_200_UStory4" time="0.052"/>
  <testcase classname="files.ResourceTests" name="test_list_resource_return_HTTP_200_UStory4" time="0.055"/>
  <testcase classname="files.ResourceTests" name="test_get_singleResource_withValidId_returns_HTTP_200_UStory5" time="0.094"/>
  <testcase classname="files.ResourceTests" name="test_get_singleResource_withValidId_returns_HTTP_200_UStory5" time="0.077"/>
  <testcase classname="files.ResourceTests" name="test_get_singleResource_with_invalidId_returns_HTTP_404_UStory6" time="0.096"/>
  <testcase classname="files.ResourceTests" name="test_get_singleResource_withValidId_returns_HTTP_200_UStory5" time="0.144"/>
  <testcase classname="files.ResourceTests" name="test_get_singleResource_with_invalidId_returns_HTTP_404_UStory6" time="0.060"/>
  <testcase classname="files.ResourceTests" name="test_get_singleResource_withValidId_returns_HTTP_200_UStory5" time="0.078"/>
  <testcase classname="files.ResourceTests" name="test_get_singleResource_withValidId_returns_HTTP_200_UStory5" time="0.079"/>
  <testcase classname="files.ResourceTests" name="test_get_singleResource_withValidId_returns_HTTP_200_UStory5" time="0.091"/>
  <testcase classname="files.ResourceTests" name="test_get_singleResource_with_invalidId_returns_HTTP_404_UStory6" time="0.059"/>
  <testcase classname="files.ResourceTests" name="test_get_singleResource_withValidId_returns_HTTP_200_UStory5" time="0.154"/>
  <testcase classname="files.ResourceTests" name="test_get_singleResource_withValidId_returns_HTTP_200_UStory5" time="0.085"/>
  <testcase classname="files.ResourceTests" name="test_get_singleResource_withValidId_returns_HTTP_200_UStory5" time="0.081"/>
  <testcase classname="files.ResourceTests" name="test_get_singleResource_withValidId_returns_HTTP_200_UStory5" time="0.110"/>
  <testcase classname="files.ResourceTests" name="test_list_resource_return_HTTP_200_UStory4" time="0.058"/>
  <testcase classname="files.ResourceTests" name="test_list_resource_return_HTTP_200_UStory4" time="0.050"/>
  <testcase classname="files.ResourceTests" name="test_get_singleResource_withValidId_returns_HTTP_200_UStory5" time="2.758"/>
  <testcase classname="files.ResourceTests" name="test_get_singleResource_with_invalidId_returns_HTTP_404_UStory6" time="0.081"/>
  <testcase classname="files.ResourceTests" name="test_list_resource_return_HTTP_200_UStory4" time="0.067"/>
  <testcase classname="files.ResourceTests" name="test_list_resource_return_HTTP_200_UStory4" time="0.523"/>
  <testcase classname="files.ResourceTests" name="test_get_singleResource_withValidId_returns_HTTP_200_UStory5" time="0.099"/>
</testsuite> <!-- files.ResourceTests -->
