<?xml version="1.0" encoding="UTF-8"?>
<!-- Generated by org.testng.reporters.JUnitReportReporter -->
<testsuite hostname="rizwans-mbp.mynet" failures="0" tests="25" name="files.UserTests" time="7.456" errors="0" timestamp="20 Jul 2020 21:06:48 GMT" skipped="0">
  <testcase classname="files.UserTests" name="testFirstNames_UStory2" time="0.102"/>
  <testcase classname="files.UserTests" name="test_login_successful_user_returns_http_200_UStory13" time="0.125"/>
  <testcase classname="files.UserTests" name="testFirstNames_UStory2" time="0.228"/>
  <testcase classname="files.UserTests" name="test_register_user_return_http_200_UStory11" time="0.116"/>
  <testcase classname="files.UserTests" name="test_create_user_returns_http_201_UStory7" time="0.351"/>
  <testcase classname="files.UserTests" name="testFirstNames_UStory2" time="0.192"/>
  <testcase classname="files.UserTests" name="test_put_userDetails_returns_http_200_UStory8" time="0.161"/>
  <testcase classname="files.UserTests" name="test_get_single_user_by_invalidId_returns_http_404_UStory3" time="0.107"/>
  <testcase classname="files.UserTests" name="test_register_unsuccessful_user_returns_http_400_UStory12" time="0.173"/>
  <testcase classname="files.UserTests" name="test_login_successful_user_returns_http_200_UStory13" time="1.147"/>
  <testcase classname="files.UserTests" name="test_get_single_user_by_invalidId_returns_http_404_UStory3" time="0.109"/>
  <testcase classname="files.UserTests" name="test_login_unsuccessful_user_returns_http_400_UStory14" time="0.090"/>
  <testcase classname="files.UserTests" name="test_get_single_user_returns_http_200_UStory1" time="0.107"/>
  <testcase classname="files.UserTests" name="testFirstNames_UStory2" time="0.250"/>
  <testcase classname="files.UserTests" name="test_get_single_user_returns_http_200_UStory1" time="0.161"/>
  <testcase classname="files.UserTests" name="test_login_unsuccessful_user_returns_http_400_UStory14" time="0.154"/>
  <testcase classname="files.UserTests" name="test_get_single_user_returns_http_200_UStory1" time="0.154"/>
  <testcase classname="files.UserTests" name="test_delete_user_returns_http_204_UStory10" time="0.233"/>
  <testcase classname="files.UserTests" name="test_patch_update_returns_http_200_UStory9" time="0.141"/>
  <testcase classname="files.UserTests" name="test_login_successful_user_returns_http_200_UStory13" time="0.106"/>
  <testcase classname="files.UserTests" name="testFirstNames_UStory2" time="0.126"/>
  <testcase classname="files.UserTests" name="testFirstNames_UStory2" time="2.584"/>
  <testcase classname="files.UserTests" name="test_get_single_user_by_invalidId_returns_http_404_UStory3" time="0.153"/>
  <testcase classname="files.UserTests" name="test_get_single_user_returns_http_200_UStory1" time="0.135"/>
  <testcase classname="files.UserTests" name="test_get_single_user_by_invalidId_returns_http_404_UStory3" time="0.251"/>
</testsuite> <!-- files.UserTests -->
