<?xml version="1.0" encoding="UTF-8"?>
<!-- Generated by org.testng.reporters.JUnitReportReporter -->
<testsuite hostname="rizwans-mbp.mynet" failures="0" tests="1" name="files.UserTests" time="1.082" errors="0" timestamp="06 Jul 2020 14:24:09 GMT" skipped="0">
  <testcase classname="files.UserTests" name="test_get_single_user_returns_http_200" time="1.082"/>
</testsuite> <!-- files.UserTests -->
