<?xml version="1.0" encoding="UTF-8"?>
<!-- Generated by org.testng.reporters.JUnitReportReporter -->
<testsuite hostname="rizwans-mbp.mynet" failures="0" tests="25" name="files.UserTests" time="5.124" errors="0" timestamp="22 Jul 2020 11:00:54 GMT" skipped="0">
  <testcase classname="files.UserTests" name="testFirstNames_UStory2" time="0.125"/>
  <testcase classname="files.UserTests" name="test_login_successful_user_returns_http_200_UStory13" time="0.102"/>
  <testcase classname="files.UserTests" name="testFirstNames_UStory2" time="0.099"/>
  <testcase classname="files.UserTests" name="test_register_user_return_http_200_UStory11" time="0.143"/>
  <testcase classname="files.UserTests" name="test_create_user_returns_http_201_UStory7" time="0.225"/>
  <testcase classname="files.UserTests" name="testFirstNames_UStory2" time="0.092"/>
  <testcase classname="files.UserTests" name="test_put_userDetails_returns_http_200_UStory8" time="0.154"/>
  <testcase classname="files.UserTests" name="test_get_single_user_by_invalidId_returns_http_404_UStory3" time="0.071"/>
  <testcase classname="files.UserTests" name="test_register_unsuccessful_user_returns_http_400_UStory12" time="0.112"/>
  <testcase classname="files.UserTests" name="test_login_successful_user_returns_http_200_UStory13" time="0.768"/>
  <testcase classname="files.UserTests" name="test_get_single_user_by_invalidId_returns_http_404_UStory3" time="0.096"/>
  <testcase classname="files.UserTests" name="test_login_unsuccessful_user_returns_http_400_UStory14" time="0.108"/>
  <testcase classname="files.UserTests" name="test_get_single_user_returns_http_200_UStory1" time="0.086"/>
  <testcase classname="files.UserTests" name="testFirstNames_UStory2" time="0.125"/>
  <testcase classname="files.UserTests" name="test_get_single_user_returns_http_200_UStory1" time="0.118"/>
  <testcase classname="files.UserTests" name="test_login_unsuccessful_user_returns_http_400_UStory14" time="0.107"/>
  <testcase classname="files.UserTests" name="test_get_single_user_returns_http_200_UStory1" time="0.064"/>
  <testcase classname="files.UserTests" name="test_delete_user_returns_http_204_UStory10" time="0.160"/>
  <testcase classname="files.UserTests" name="test_patch_update_returns_http_200_UStory9" time="0.138"/>
  <testcase classname="files.UserTests" name="test_login_successful_user_returns_http_200_UStory13" time="0.111"/>
  <testcase classname="files.UserTests" name="testFirstNames_UStory2" time="0.086"/>
  <testcase classname="files.UserTests" name="testFirstNames_UStory2" time="1.766"/>
  <testcase classname="files.UserTests" name="test_get_single_user_by_invalidId_returns_http_404_UStory3" time="0.053"/>
  <testcase classname="files.UserTests" name="test_get_single_user_returns_http_200_UStory1" time="0.069"/>
  <testcase classname="files.UserTests" name="test_get_single_user_by_invalidId_returns_http_404_UStory3" time="0.146"/>
</testsuite> <!-- files.UserTests -->
