<?xml version="1.0" encoding="UTF-8"?>
<!-- Generated by org.testng.reporters.JUnitReportReporter -->
<testsuite hostname="rizwans-mbp.mynet" failures="0" tests="1" name="files.UserTests" time="0.919" errors="0" timestamp="06 Jul 2020 13:54:53 GMT" skipped="0">
  <testcase classname="files.UserTests" name="test_get_single_user_by_ID_returns_http_404" time="0.919"/>
</testsuite> <!-- files.UserTests -->
