<?xml version="1.0" encoding="UTF-8"?>
<!-- Generated by org.testng.reporters.JUnitReportReporter -->
<testsuite hostname="rizwans-mbp.mynet" failures="0" tests="4" name="files.ResourceTests" time="3.458" errors="0" timestamp="10 Jul 2020 14:08:53 GMT" skipped="0">
  <testcase classname="files.ResourceTests" name="test_list_resource_return_HTTP_200" time="0.073"/>
  <testcase classname="files.ResourceTests" name="test_get_singleResource_withValidId_returns_HTTP_200" time="2.042"/>
  <testcase classname="files.ResourceTests" name="test_get_resourceList_returns_resourceList_with_HTTP_200" time="1.264"/>
  <testcase classname="files.ResourceTests" name="test_get_singleResource_with_invalidId_returns_HTTP_404" time="0.079"/>
</testsuite> <!-- files.ResourceTests -->
