<?xml version="1.0" encoding="UTF-8"?>
<!-- Generated by org.testng.reporters.JUnitReportReporter -->
<testsuite hostname="rizwans-mbp.mynet" failures="0" tests="25" name="files.UserTests" time="4.988" errors="0" timestamp="28 Jul 2020 13:29:35 GMT" skipped="0">
  <testcase classname="files.UserTests" name="test_get_single_user_returns_http_200" time="0.078"/>
  <testcase classname="files.UserTests" name="test_login_successful_user_returns_http_200" time="0.736"/>
  <testcase classname="files.UserTests" name="testFirstNames" time="0.240"/>
  <testcase classname="files.UserTests" name="test_register_unsuccessful_user_returns_http_400" time="0.101"/>
  <testcase classname="files.UserTests" name="testFirstNames" time="0.132"/>
  <testcase classname="files.UserTests" name="test_patch_update_returns_http_200" time="0.124"/>
  <testcase classname="files.UserTests" name="test_login_successful_user_returns_http_200" time="0.107"/>
  <testcase classname="files.UserTests" name="test_get_single_user_by_invalidId_returns_http_404" time="0.095"/>
  <testcase classname="files.UserTests" name="testFirstNames" time="1.559"/>
  <testcase classname="files.UserTests" name="test_get_single_user_returns_http_200" time="0.062"/>
  <testcase classname="files.UserTests" name="test_get_single_user_by_invalidId_returns_http_404" time="0.181"/>
  <testcase classname="files.UserTests" name="test_get_single_user_by_invalidId_returns_http_404" time="0.097"/>
  <testcase classname="files.UserTests" name="test_login_unsuccessful_user_returns_http_400" time="0.093"/>
  <testcase classname="files.UserTests" name="test_put_userDetails_returns_http_200" time="0.121"/>
  <testcase classname="files.UserTests" name="testFirstNames" time="0.124"/>
  <testcase classname="files.UserTests" name="test_get_single_user_returns_http_200" time="0.072"/>
  <testcase classname="files.UserTests" name="test_login_unsuccessful_user_returns_http_400" time="0.127"/>
  <testcase classname="files.UserTests" name="test_get_single_user_by_invalidId_returns_http_404" time="0.155"/>
  <testcase classname="files.UserTests" name="test_register_user_return_http_200" time="0.117"/>
  <testcase classname="files.UserTests" name="test_create_user_returns_http_201" time="0.201"/>
  <testcase classname="files.UserTests" name="test_delete_user_returns_http_204" time="0.126"/>
  <testcase classname="files.UserTests" name="testFirstNames" time="0.082"/>
  <testcase classname="files.UserTests" name="test_get_single_user_returns_http_200" time="0.063"/>
  <testcase classname="files.UserTests" name="test_login_successful_user_returns_http_200" time="0.104"/>
  <testcase classname="files.UserTests" name="testFirstNames" time="0.091"/>
</testsuite> <!-- files.UserTests -->
